<?xml version="1.0" encoding="UTF-8"?>
<beans xmlns="http://www.springframework.org/schema/beans"
	xmlns:xsi="http://www.w3.org/2001/XMLSchema-instance"
	xmlns:context="http://www.springframework.org/schema/context"
	xsi:schemaLocation="http://www.springframework.org/schema/beans 
		http://www.springframework.org/schema/beans/spring-beans-3.0.xsd
		http://www.springframework.org/schema/context
    	http://www.springframework.org/schema/context/spring-context-3.0.xsd">
	
	<context:property-placeholder location="classpath*:META-INF/spring/test.properties" />
	
	<bean id="systemInfo" class="egovframework.eam.api.config.SystemInfoConfig">
		<property name="systemId" value="${system.systemId}" />
		<property name="authKey" value="${system.authKey}" />
		<property name="password" value="${system.password}" />
		
		<!--
		<property name="adminServerIp" value="127.0.0.1" />
		<property name="adminServerPort" value="1099" />
		
		<property name="skipOnRemoteError" value="true" />
		-->
	</bean>
      
</beans>
